|--- flipper_length_mm <= 206.00
|   |--- bill_length_mm <= 44.65
|   |   |--- bill_depth_mm <= 16.65
|   |   |   |--- bill_length_mm <= 39.50
|   |   |   |   |--- class: Adelie
|   |   |   |--- bill_length_mm >  39.50
|   |   |   |   |--- class: Chinstrap
|   |   |--- bill_depth_mm >  16.65
|   |   |   |--- class: Adelie
|   |--- bill_length_mm >  44.65
|   |   |--- body_mass_g <= 4100.00
|   |   |   |--- class: Chinstrap
|   |   |--- body_mass_g >  4100.00
|   |   |   |--- flipper_length_mm <= 202.00
|   |   |   |   |--- flipper_length_mm <= 199.00
|   |   |   |   |   |--- sex_FEMALE <= 0.50
|   |   |   |   |   |   |--- class: Adelie
|   |   |   |   |   |--- sex_FEMALE >  0.50
|   |   |   |   |   |   |--- class: Chinstrap
|   |   |   |   |--- flipper_length_mm >  199.00
|   |   |   |   |   |--- class: Chinstrap
|   |   |   |--- flipper_length_mm >  202.00
|   |   |   |   |--- class: Gentoo
|--- flipper_length_mm >  206.00
|   |--- bill_depth_mm <= 17.65
|   |   |--- class: Gentoo
|   |--- bill_depth_mm >  17.65
|   |   |--- bill_depth_mm <= 19.20
|   |   |   |--- class: Adelie
|   |   |--- bill_depth_mm >  19.20
|   |   |   |--- class: Chinstrap
